<?xml version="1.0" encoding="UTF-8" ?>
<testsuite failures="0" time="0.402" errors="0" skipped="0" tests="1" name="org.sttimothy.finance.client.SandboxJukitoTest">
  <properties>
    <property name="java.runtime.name" value="Java(TM) SE Runtime Environment"/>
    <property name="sun.boot.library.path" value="/Library/Java/JavaVirtualMachines/jdk1.7.0_21.jdk/Contents/Home/jre/lib"/>
    <property name="java.vm.version" value="23.21-b01"/>
    <property name="gopherProxySet" value="false"/>
    <property name="java.vm.vendor" value="Oracle Corporation"/>
    <property name="java.vendor.url" value="http://java.oracle.com/"/>
    <property name="path.separator" value=":"/>
    <property name="java.vm.name" value="Java HotSpot(TM) 64-Bit Server VM"/>
    <property name="file.encoding.pkg" value="sun.io"/>
    <property name="user.country" value="TW"/>
    <property name="sun.java.launcher" value="SUN_STANDARD"/>
    <property name="sun.os.patch.level" value="unknown"/>
    <property name="java.vm.specification.name" value="Java Virtual Machine Specification"/>
    <property name="user.dir" value="/Users/arthur/Project/sttimothy/finance"/>
    <property name="java.runtime.version" value="1.7.0_21-b12"/>
    <property name="java.awt.graphicsenv" value="sun.awt.CGraphicsEnvironment"/>
    <property name="basedir" value="/Users/arthur/Project/sttimothy/finance"/>
    <property name="java.endorsed.dirs" value="/Library/Java/JavaVirtualMachines/jdk1.7.0_21.jdk/Contents/Home/jre/lib/endorsed"/>
    <property name="os.arch" value="x86_64"/>
    <property name="surefire.real.class.path" value="/var/folders/jr/scrdhcx52cj2mvnkvg24hzyr0000gn/T/surefirebooter4932882349008962823.jar"/>
    <property name="java.io.tmpdir" value="/var/folders/jr/scrdhcx52cj2mvnkvg24hzyr0000gn/T/"/>
    <property name="line.separator" value="
"/>
    <property name="java.vm.specification.vendor" value="Oracle Corporation"/>
    <property name="os.name" value="Mac OS X"/>
    <property name="maven.ext.class.path" value="/Applications/NetBeans/NetBeans 7.4.app/Contents/Resources/NetBeans/java/maven-nblib/netbeans-eventspy.jar"/>
    <property name="sun.jnu.encoding" value="UTF-8"/>
    <property name="java.library.path" value="/Applications/NetBeans/NetBeans 7.4.app/Contents/Resources/NetBeans/webcommon/bin::/Users/arthur/Library/Java/Extensions:/Library/Java/Extensions:/Network/Library/Java/Extensions:/System/Library/Java/Extensions:/usr/lib/java:."/>
    <property name="surefire.test.class.path" value="/Users/arthur/Project/sttimothy/finance/target/test-classes:/Users/arthur/Project/sttimothy/finance/target/finance-1.0-SNAPSHOT/WEB-INF/classes:/Users/arthur/.m2/repository/com/google/gwt/gwt-user/2.5.1/gwt-user-2.5.1.jar:/Users/arthur/.m2/repository/javax/validation/validation-api/1.0.0.GA/validation-api-1.0.0.GA.jar:/Users/arthur/.m2/repository/javax/validation/validation-api/1.0.0.GA/validation-api-1.0.0.GA-sources.jar:/Users/arthur/.m2/repository/org/json/json/20090211/json-20090211.jar:/Users/arthur/.m2/repository/com/google/gwt/gwt-dev/2.5.1/gwt-dev-2.5.1.jar:/Users/arthur/.m2/repository/com/gwtplatform/gwtp-mvp-client/1.0/gwtp-mvp-client-1.0.jar:/Users/arthur/.m2/repository/com/gwtplatform/gwtp-clients-common/1.0/gwtp-clients-common-1.0.jar:/Users/arthur/.m2/repository/org/apache/velocity/velocity/1.7/velocity-1.7.jar:/Users/arthur/.m2/repository/commons-collections/commons-collections/3.2.1/commons-collections-3.2.1.jar:/Users/arthur/.m2/repository/commons-lang/commons-lang/2.4/commons-lang-2.4.jar:/Users/arthur/.m2/repository/com/gwtplatform/gwtp-dispatch-client/1.0/gwtp-dispatch-client-1.0.jar:/Users/arthur/.m2/repository/com/gwtplatform/gwtp-dispatch-server-guice/1.0/gwtp-dispatch-server-guice-1.0.jar:/Users/arthur/.m2/repository/com/gwtplatform/gwtp-dispatch-server/1.0/gwtp-dispatch-server-1.0.jar:/Users/arthur/.m2/repository/com/gwtplatform/gwtp-dispatch-shared/1.0/gwtp-dispatch-shared-1.0.jar:/Users/arthur/.m2/repository/com/google/inject/guice/3.0/guice-3.0.jar:/Users/arthur/.m2/repository/javax/inject/javax.inject/1/javax.inject-1.jar:/Users/arthur/.m2/repository/aopalliance/aopalliance/1.0/aopalliance-1.0.jar:/Users/arthur/.m2/repository/com/google/inject/extensions/guice-servlet/3.0/guice-servlet-3.0.jar:/Users/arthur/.m2/repository/com/google/inject/extensions/guice-assistedinject/3.0/guice-assistedinject-3.0.jar:/Users/arthur/.m2/repository/com/google/gwt/inject/gin/2.0.0/gin-2.0.0.jar:/Users/arthur/.m2/repository/junit/junit/4.11/junit-4.11.jar:/Users/arthur/.m2/repository/org/hamcrest/hamcrest-core/1.3/hamcrest-core-1.3.jar:/Users/arthur/.m2/repository/org/jukito/jukito/1.1/jukito-1.1.jar:/Users/arthur/.m2/repository/org/mockito/mockito-core/1.8.5/mockito-core-1.8.5.jar:/Users/arthur/.m2/repository/org/objenesis/objenesis/1.0/objenesis-1.0.jar:"/>
    <property name="java.specification.name" value="Java Platform API Specification"/>
    <property name="java.class.version" value="51.0"/>
    <property name="sun.management.compiler" value="HotSpot 64-Bit Tiered Compilers"/>
    <property name="os.version" value="10.9.1"/>
    <property name="http.nonProxyHosts" value="local|*.local|169.254/16|*.169.254/16"/>
    <property name="user.home" value="/Users/arthur"/>
    <property name="user.timezone" value=""/>
    <property name="java.awt.printerjob" value="sun.lwawt.macosx.CPrinterJob"/>
    <property name="java.specification.version" value="1.7"/>
    <property name="file.encoding" value="UTF-8"/>
    <property name="user.name" value="arthur"/>
    <property name="java.class.path" value="/Users/arthur/Project/sttimothy/finance/target/test-classes:/Users/arthur/Project/sttimothy/finance/target/finance-1.0-SNAPSHOT/WEB-INF/classes:/Users/arthur/.m2/repository/com/google/gwt/gwt-user/2.5.1/gwt-user-2.5.1.jar:/Users/arthur/.m2/repository/javax/validation/validation-api/1.0.0.GA/validation-api-1.0.0.GA.jar:/Users/arthur/.m2/repository/javax/validation/validation-api/1.0.0.GA/validation-api-1.0.0.GA-sources.jar:/Users/arthur/.m2/repository/org/json/json/20090211/json-20090211.jar:/Users/arthur/.m2/repository/com/google/gwt/gwt-dev/2.5.1/gwt-dev-2.5.1.jar:/Users/arthur/.m2/repository/com/gwtplatform/gwtp-mvp-client/1.0/gwtp-mvp-client-1.0.jar:/Users/arthur/.m2/repository/com/gwtplatform/gwtp-clients-common/1.0/gwtp-clients-common-1.0.jar:/Users/arthur/.m2/repository/org/apache/velocity/velocity/1.7/velocity-1.7.jar:/Users/arthur/.m2/repository/commons-collections/commons-collections/3.2.1/commons-collections-3.2.1.jar:/Users/arthur/.m2/repository/commons-lang/commons-lang/2.4/commons-lang-2.4.jar:/Users/arthur/.m2/repository/com/gwtplatform/gwtp-dispatch-client/1.0/gwtp-dispatch-client-1.0.jar:/Users/arthur/.m2/repository/com/gwtplatform/gwtp-dispatch-server-guice/1.0/gwtp-dispatch-server-guice-1.0.jar:/Users/arthur/.m2/repository/com/gwtplatform/gwtp-dispatch-server/1.0/gwtp-dispatch-server-1.0.jar:/Users/arthur/.m2/repository/com/gwtplatform/gwtp-dispatch-shared/1.0/gwtp-dispatch-shared-1.0.jar:/Users/arthur/.m2/repository/com/google/inject/guice/3.0/guice-3.0.jar:/Users/arthur/.m2/repository/javax/inject/javax.inject/1/javax.inject-1.jar:/Users/arthur/.m2/repository/aopalliance/aopalliance/1.0/aopalliance-1.0.jar:/Users/arthur/.m2/repository/com/google/inject/extensions/guice-servlet/3.0/guice-servlet-3.0.jar:/Users/arthur/.m2/repository/com/google/inject/extensions/guice-assistedinject/3.0/guice-assistedinject-3.0.jar:/Users/arthur/.m2/repository/com/google/gwt/inject/gin/2.0.0/gin-2.0.0.jar:/Users/arthur/.m2/repository/junit/junit/4.11/junit-4.11.jar:/Users/arthur/.m2/repository/org/hamcrest/hamcrest-core/1.3/hamcrest-core-1.3.jar:/Users/arthur/.m2/repository/org/jukito/jukito/1.1/jukito-1.1.jar:/Users/arthur/.m2/repository/org/mockito/mockito-core/1.8.5/mockito-core-1.8.5.jar:/Users/arthur/.m2/repository/org/objenesis/objenesis/1.0/objenesis-1.0.jar:"/>
    <property name="java.vm.specification.version" value="1.7"/>
    <property name="sun.arch.data.model" value="64"/>
    <property name="java.home" value="/Library/Java/JavaVirtualMachines/jdk1.7.0_21.jdk/Contents/Home/jre"/>
    <property name="sun.java.command" value="/var/folders/jr/scrdhcx52cj2mvnkvg24hzyr0000gn/T/surefirebooter4932882349008962823.jar /var/folders/jr/scrdhcx52cj2mvnkvg24hzyr0000gn/T/surefire4280589020477627854tmp /var/folders/jr/scrdhcx52cj2mvnkvg24hzyr0000gn/T/surefire8986363098070721156tmp"/>
    <property name="java.specification.vendor" value="Oracle Corporation"/>
    <property name="user.language" value="zh"/>
    <property name="awt.toolkit" value="sun.lwawt.macosx.LWCToolkit"/>
    <property name="java.vm.info" value="mixed mode"/>
    <property name="java.version" value="1.7.0_21"/>
    <property name="java.ext.dirs" value="/Users/arthur/Library/Java/Extensions:/Library/Java/JavaVirtualMachines/jdk1.7.0_21.jdk/Contents/Home/jre/lib/ext:/Library/Java/Extensions:/Network/Library/Java/Extensions:/System/Library/Java/Extensions:/usr/lib/java"/>
    <property name="sun.boot.class.path" value="/Library/Java/JavaVirtualMachines/jdk1.7.0_21.jdk/Contents/Home/jre/lib/resources.jar:/Library/Java/JavaVirtualMachines/jdk1.7.0_21.jdk/Contents/Home/jre/lib/rt.jar:/Library/Java/JavaVirtualMachines/jdk1.7.0_21.jdk/Contents/Home/jre/lib/sunrsasign.jar:/Library/Java/JavaVirtualMachines/jdk1.7.0_21.jdk/Contents/Home/jre/lib/jsse.jar:/Library/Java/JavaVirtualMachines/jdk1.7.0_21.jdk/Contents/Home/jre/lib/jce.jar:/Library/Java/JavaVirtualMachines/jdk1.7.0_21.jdk/Contents/Home/jre/lib/charsets.jar:/Library/Java/JavaVirtualMachines/jdk1.7.0_21.jdk/Contents/Home/jre/lib/jfr.jar:/Library/Java/JavaVirtualMachines/jdk1.7.0_21.jdk/Contents/Home/jre/lib/JObjC.jar:/Library/Java/JavaVirtualMachines/jdk1.7.0_21.jdk/Contents/Home/jre/classes"/>
    <property name="java.vendor" value="Oracle Corporation"/>
    <property name="localRepository" value="/Users/arthur/.m2/repository"/>
    <property name="file.separator" value="/"/>
    <property name="java.vendor.url.bug" value="http://bugreport.sun.com/bugreport/"/>
    <property name="sun.cpu.endian" value="little"/>
    <property name="sun.io.unicode.encoding" value="UnicodeBig"/>
    <property name="socksNonProxyHosts" value="local|*.local|169.254/16|*.169.254/16"/>
    <property name="ftp.nonProxyHosts" value="local|*.local|169.254/16|*.169.254/16"/>
    <property name="sun.cpu.isalist" value=""/>
  </properties>
  <testcase time="0.001" classname="org.sttimothy.finance.client.SandboxJukitoTest" name="testSandbox"/>
</testsuite>